<?xml version="1.0" encoding="UTF-8"?>
<testng-results skipped="0" failed="0" total="1" passed="1">
  <reporter-output>
  </reporter-output>
  <suite name="Default suite" duration-ms="4788" started-at="2022-04-14T05:06:08Z" finished-at="2022-04-14T05:06:12Z">
    <groups>
    </groups>
    <test name="Default test" duration-ms="4788" started-at="2022-04-14T05:06:08Z" finished-at="2022-04-14T05:06:12Z">
      <class name="DropDown.FBDropdownMenu">
        <test-method status="PASS" signature="LaunchFB()[pri:0, instance:DropDown.FBDropdownMenu@3930015a]" name="LaunchFB" duration-ms="4775" started-at="2022-04-14T10:36:08Z" finished-at="2022-04-14T10:36:12Z">
          <reporter-output>
          </reporter-output>
        </test-method> <!-- LaunchFB -->
      </class> <!-- DropDown.FBDropdownMenu -->
    </test> <!-- Default test -->
  </suite> <!-- Default suite -->
</testng-results>
